0 info it worked if it ends with ok
1 verbose cli [ 'node', '/usr/local/bin/npm', 'install', '--save', 'dgram' ]
2 info using npm@2.11.3
3 info using node@v0.12.7
4 verbose install initial load of /Users/ellisb/Documents/code/bridgeapp/package.json
5 warn package.json bridgeapp@1.0.0 No description
6 warn package.json bridgeapp@1.0.0 No README data
7 verbose installManyTop reading scoped package data from /Users/ellisb/Documents/code/bridgeapp/node_modules/bunyan/package.json
8 verbose installManyTop reading scoped package data from /Users/ellisb/Documents/code/bridgeapp/node_modules/fs/package.json
9 verbose installManyTop reading scoped package data from /Users/ellisb/Documents/code/bridgeapp/node_modules/path/package.json
10 verbose installManyTop reading scoped package data from /Users/ellisb/Documents/code/bridgeapp/node_modules/snmpjs/package.json
11 verbose installManyTop reading scoped package data from /Users/ellisb/Documents/code/bridgeapp/node_modules/util/package.json
12 info package.json bunyan@1.4.0 No license field.
13 info package.json fs@0.0.2 fs is also the name of a node core module.
14 info package.json fs@0.0.2 No description
15 info package.json fs@0.0.2 No repository field.
16 info package.json fs@0.0.2 No README data
17 info package.json snmpjs@0.1.8 No license field.
18 info package.json util@0.10.3 util is also the name of a node core module.
19 info package.json path@0.11.14 path is also the name of a node core module.
20 verbose readDependencies loading dependencies from /Users/ellisb/Documents/code/bridgeapp/package.json
21 silly cache add args [ 'dgram', null ]
22 verbose cache add spec dgram
23 silly cache add parsed spec { raw: 'dgram',
23 silly cache add   scope: null,
23 silly cache add   name: 'dgram',
23 silly cache add   rawSpec: '',
23 silly cache add   spec: '*',
23 silly cache add   type: 'range' }
24 silly addNamed dgram@*
25 verbose addNamed "*" is a valid semver range for dgram
26 silly addNameRange { name: 'dgram', range: '*', hasData: false }
27 silly mapToRegistry name dgram
28 silly mapToRegistry using default registry
29 silly mapToRegistry registry https://registry.npmjs.org/
30 silly mapToRegistry uri https://registry.npmjs.org/dgram
31 verbose addNameRange registry:https://registry.npmjs.org/dgram not in flight; fetching
32 verbose request uri https://registry.npmjs.org/dgram
33 verbose request no auth needed
34 info attempt registry request try #1 at 2:54:16 PM
35 verbose request id 20d88bc15a0b2f2c
36 http request GET https://registry.npmjs.org/dgram
37 http 404 https://registry.npmjs.org/dgram
38 verbose headers { server: 'CouchDB/1.5.0 (Erlang OTP/R16B03)',
38 verbose headers   'content-type': 'application/json',
38 verbose headers   'cache-control': 'max-age=0',
38 verbose headers   'content-length': '51',
38 verbose headers   'accept-ranges': 'bytes',
38 verbose headers   date: 'Tue, 04 Aug 2015 21:54:16 GMT',
38 verbose headers   via: '1.1 varnish',
38 verbose headers   age: '0',
38 verbose headers   connection: 'keep-alive',
38 verbose headers   'x-served-by': 'cache-sjc3127-SJC',
38 verbose headers   'x-cache': 'MISS',
38 verbose headers   'x-cache-hits': '0',
38 verbose headers   'x-timer': 'S1438725256.480046,VS0,VE40' }
39 silly get cb [ 404,
39 silly get   { server: 'CouchDB/1.5.0 (Erlang OTP/R16B03)',
39 silly get     'content-type': 'application/json',
39 silly get     'cache-control': 'max-age=0',
39 silly get     'content-length': '51',
39 silly get     'accept-ranges': 'bytes',
39 silly get     date: 'Tue, 04 Aug 2015 21:54:16 GMT',
39 silly get     via: '1.1 varnish',
39 silly get     age: '0',
39 silly get     connection: 'keep-alive',
39 silly get     'x-served-by': 'cache-sjc3127-SJC',
39 silly get     'x-cache': 'MISS',
39 silly get     'x-cache-hits': '0',
39 silly get     'x-timer': 'S1438725256.480046,VS0,VE40' } ]
40 verbose stack Error: 404 Not Found: dgram
40 verbose stack     at CachingRegistryClient.<anonymous> (/usr/local/lib/node_modules/npm/node_modules/npm-registry-client/lib/request.js:245:14)
40 verbose stack     at Request._callback (/usr/local/lib/node_modules/npm/node_modules/npm-registry-client/lib/request.js:170:14)
40 verbose stack     at Request.self.callback (/usr/local/lib/node_modules/npm/node_modules/request/request.js:354:22)
40 verbose stack     at Request.emit (events.js:110:17)
40 verbose stack     at Request.<anonymous> (/usr/local/lib/node_modules/npm/node_modules/request/request.js:1207:14)
40 verbose stack     at Request.emit (events.js:129:20)
40 verbose stack     at IncomingMessage.<anonymous> (/usr/local/lib/node_modules/npm/node_modules/request/request.js:1153:12)
40 verbose stack     at IncomingMessage.emit (events.js:129:20)
40 verbose stack     at _stream_readable.js:908:16
40 verbose stack     at process._tickCallback (node.js:355:11)
41 verbose statusCode 404
42 verbose pkgid dgram
43 verbose cwd /Users/ellisb/Documents/code/bridgeapp
44 error Darwin 14.4.0
45 error argv "node" "/usr/local/bin/npm" "install" "--save" "dgram"
46 error node v0.12.7
47 error npm  v2.11.3
48 error code E404
49 error 404 Not Found: dgram
49 error 404
49 error 404 'dgram' is not in the npm registry.
49 error 404 Your package name is not valid, because
49 error 404
49 error 404  1. dgram is a core module name
49 error 404 It was specified as a dependency of 'bridgeapp'
49 error 404
49 error 404 Note that you can also install from a
49 error 404 tarball, folder, http url, or git url.
50 verbose exit [ 1, true ]
