{"level":"info","message":"bailey's bridge status changed to true at Mon Aug 10 2015 15:53:34 GMT-0700 (PDT)","timestamp":"2015-08-10T22:53:34.454Z"}
{"level":"info","message":"bailey's bridge status changed to true at Mon Aug 10 2015 15:57:10 GMT-0700 (PDT)","timestamp":"2015-08-10T22:57:10.602Z"}
{"level":"info","message":"bailey's bridge status changed to true at Mon Aug 10 2015 16:02:28 GMT-0700 (PDT)","timestamp":"2015-08-10T23:02:28.952Z"}
{"level":"info","message":"STATUS: 200","timestamp":"2015-08-10T23:02:29.008Z"}
{"level":"info","message":"bailey's bridge status changed to true at Mon Aug 10 2015 16:02:42 GMT-0700 (PDT)","timestamp":"2015-08-10T23:02:42.950Z"}
{"level":"info","message":"bailey's bridge status changed to true at Mon Aug 10 2015 16:13:44 GMT-0700 (PDT)","timestamp":"2015-08-10T23:13:45.020Z"}
{"level":"info","message":"bailey's bridge status changed to true at Mon Aug 10 2015 16:18:09 GMT-0700 (PDT)","timestamp":"2015-08-10T23:18:09.974Z"}
{"level":"info","message":"bailey's bridge status changed to true at Mon Aug 10 2015 16:18:17 GMT-0700 (PDT)","timestamp":"2015-08-10T23:18:17.187Z"}
{"level":"info","message":"STATUS: 200","timestamp":"2015-08-10T23:18:17.234Z"}
{"level":"info","message":"bailey's bridge status changed to true at Mon Aug 10 2015 16:19:17 GMT-0700 (PDT)","timestamp":"2015-08-10T23:19:17.813Z"}
{"level":"info","message":"STATUS: 200","timestamp":"2015-08-10T23:19:17.868Z"}
{"level":"info","message":"bailey's bridge status changed to true at Mon Aug 10 2015 16:19:50 GMT-0700 (PDT)","timestamp":"2015-08-10T23:19:50.949Z"}
{"level":"info","message":"STATUS: 200","timestamp":"2015-08-10T23:19:51.001Z"}
{"level":"info","message":"bailey's bridge status changed to true at Mon Aug 10 2015 16:21:03 GMT-0700 (PDT)","timestamp":"2015-08-10T23:21:03.662Z"}
{"level":"info","message":"STATUS: 200","timestamp":"2015-08-10T23:21:03.704Z"}
{"level":"info","message":"Sentinel restart","timestamp":"2015-08-11T15:51:14.999Z"}
{"level":"info","message":"Sentinel restart","timestamp":"2015-08-11T15:52:39.414Z"}
{"level":"info","message":"Sentinel restart","timestamp":"2015-08-11T15:54:29.796Z"}
{"level":"info","message":"Sentinel restart","timestamp":"2015-08-11T16:14:30.581Z"}
{"level":"info","message":"Sentinel restart","timestamp":"2015-08-11T16:17:46.879Z"}
{"level":"info","message":"Sentinel restart","timestamp":"2015-08-11T16:21:26.556Z"}
{"level":"info","message":"Sentinel restart","timestamp":"2015-08-11T16:21:56.117Z"}
{"level":"info","message":"Sentinel restart","timestamp":"2015-08-11T16:22:09.243Z"}
{"level":"info","message":"Sentinel restart","timestamp":"2015-08-11T16:22:27.933Z"}
{"level":"info","message":"Sentinel restart","timestamp":"2015-08-11T16:22:58.712Z"}
{"level":"info","message":"Sentinel restart","timestamp":"2015-08-11T16:23:12.423Z"}
{"level":"info","message":"Sentinel restart","timestamp":"2015-08-11T16:24:31.390Z"}
{"level":"info","message":"bailey's bridge status changed to false at Tue Aug 11 2015 09:53:32 GMT-0700 (PDT)","timestamp":"2015-08-11T16:53:32.288Z"}
{"level":"info","message":"STATUS: 200","timestamp":"2015-08-11T16:53:32.335Z"}
{"level":"info","message":"bailey's bridge status changed to true at Tue Aug 11 2015 09:53:51 GMT-0700 (PDT)","timestamp":"2015-08-11T16:53:51.909Z"}
{"level":"info","message":"STATUS: 200","timestamp":"2015-08-11T16:53:51.948Z"}
{"level":"info","message":"bailey's bridge status changed to false at Tue Aug 11 2015 09:54:00 GMT-0700 (PDT)","timestamp":"2015-08-11T16:54:00.589Z"}
{"level":"info","message":"STATUS: 200","timestamp":"2015-08-11T16:54:00.629Z"}
{"level":"info","message":"bailey's bridge status changed to false at Tue Aug 11 2015 12:17:48 GMT-0700 (PDT)","timestamp":"2015-08-11T19:17:48.459Z"}
{"level":"info","message":"200","timestamp":"2015-08-11T19:17:48.546Z"}
{"level":"info","message":"bailey's bridge status changed to false at Tue Aug 11 2015 12:18:50 GMT-0700 (PDT)","timestamp":"2015-08-11T19:18:50.955Z"}
{"level":"info","message":"200","timestamp":"2015-08-11T19:18:51.046Z"}
{"level":"info","message":"bailey's bridge status changed to false at Tue Aug 11 2015 12:44:11 GMT-0700 (PDT)","timestamp":"2015-08-11T19:44:11.950Z"}
{"level":"info","message":"200","timestamp":"2015-08-11T19:44:12.010Z"}
{"level":"info","message":"bailey's bridge status changed to false at Tue Aug 11 2015 12:44:18 GMT-0700 (PDT)","timestamp":"2015-08-11T19:44:18.024Z"}
{"level":"info","message":"200","timestamp":"2015-08-11T19:44:18.112Z"}
{"level":"info","message":"bailey's bridge status changed to false at Tue Aug 11 2015 12:44:40 GMT-0700 (PDT)","timestamp":"2015-08-11T19:44:40.307Z"}
{"level":"info","message":"200","timestamp":"2015-08-11T19:44:40.354Z"}
{"level":"info","message":"bailey's bridge status changed to true at Tue Aug 11 2015 12:45:23 GMT-0700 (PDT)","timestamp":"2015-08-11T19:45:23.586Z"}
{"level":"info","message":"200","timestamp":"2015-08-11T19:45:23.709Z"}
{"level":"info","message":"bailey's bridge status changed to false at Tue Aug 11 2015 12:45:27 GMT-0700 (PDT)","timestamp":"2015-08-11T19:45:27.452Z"}
{"level":"info","message":"200","timestamp":"2015-08-11T19:45:27.958Z"}
{"level":"info","message":"bailey's bridge status changed to true at Tue Aug 11 2015 12:46:53 GMT-0700 (PDT)","timestamp":"2015-08-11T19:46:53.350Z"}
{"level":"info","message":"bailey's bridge status changed to false at Tue Aug 11 2015 12:47:27 GMT-0700 (PDT)","timestamp":"2015-08-11T19:47:27.981Z"}
{"level":"info","message":"bailey's bridge status changed to true at Tue Aug 11 2015 12:47:53 GMT-0700 (PDT)","timestamp":"2015-08-11T19:47:53.984Z"}
{"level":"info","message":"post received","timestamp":"2015-08-11T19:47:54.090Z"}
{"level":"info","message":"bailey's bridge status changed to true at Tue Aug 11 2015 12:56:33 GMT-0700 (PDT)","timestamp":"2015-08-11T19:56:33.149Z"}
{"_readableState":{"objectMode":false,"highWaterMark":16384,"buffer":[],"length":0,"pipes":null,"pipesCount":0,"flowing":null,"ended":false,"endEmitted":false,"reading":false,"sync":true,"needReadable":false,"emittedReadable":false,"readableListening":false,"defaultEncoding":"utf8","ranOut":false,"awaitDrain":0,"readingMore":false,"decoder":null,"encoding":null},"readable":true,"domain":null,"_events":{},"socket":{"_connecting":false,"_hadError":false,"_handle":{"fd":27,"reading":true,"owner":{"$ref":"$[\"socket\"]"},"onconnection":null,"writeQueueSize":0},"_parent":null,"_host":"52.26.186.75","_readableState":{"objectMode":false,"highWaterMark":16384,"buffer":[],"length":0,"pipes":null,"pipesCount":0,"flowing":true,"ended":false,"endEmitted":false,"reading":false,"sync":false,"needReadable":true,"emittedReadable":false,"readableListening":false,"defaultEncoding":"utf8","ranOut":false,"awaitDrain":0,"readingMore":false,"decoder":null,"encoding":null,"resumeScheduled":false},"readable":true,"domain":null,"_events":{"end":[null,null],"close":[null,null]},"_writableState":{"objectMode":false,"highWaterMark":16384,"needDrain":false,"ending":false,"ended":false,"finished":false,"decodeStrings":false,"defaultEncoding":"utf8","length":0,"writing":false,"corked":0,"sync":false,"bufferProcessing":false,"writecb":null,"writelen":0,"bufferedRequest":null,"lastBufferedRequest":null,"pendingcb":0,"prefinished":false,"errorEmitted":false},"writable":true,"allowHalfOpen":false,"destroyed":false,"bytesRead":247,"_bytesDispatched":219,"_pendingData":null,"_pendingEncoding":"","parser":{"_headers":[],"_url":"","socket":{"$ref":"$[\"socket\"]"},"incoming":{"$ref":"$"},"maxHeaderPairs":2000},"_httpMessage":{"domain":null,"_events":{},"output":[],"outputEncodings":[],"outputCallbacks":[],"writable":true,"_last":true,"chunkedEncoding":false,"shouldKeepAlive":false,"useChunkedEncodingByDefault":true,"sendDate":false,"_removedHeader":{"content-length":false},"_hasBody":true,"_trailer":"","finished":true,"_hangupClose":false,"_headerSent":true,"socket":{"$ref":"$[\"socket\"]"},"connection":{"$ref":"$[\"socket\"]"},"_header":"POST /incoming-snmp HTTP/1.1\r\nContent-Type: application/json\r\nContent-Length: 96\r\nHost: 52.26.186.75\r\nConnection: close\r\n\r\n","_headers":{"content-type":"application/json","content-length":96,"host":"52.26.186.75"},"_headerNames":{"content-type":"Content-Type","content-length":"Content-Length","host":"Host"},"agent":{"domain":null,"_events":{},"defaultPort":80,"protocol":"http:","options":{"path":null},"requests":{},"sockets":{"52.26.186.75:80::":[{"$ref":"$[\"socket\"]"}]},"freeSockets":{},"keepAliveMsecs":1000,"keepAlive":false,"maxSockets":null,"maxFreeSockets":256},"method":"POST","path":"/incoming-snmp","parser":{"$ref":"$[\"socket\"][\"parser\"]"},"res":{"$ref":"$"}},"_consuming":true},"connection":{"$ref":"$[\"socket\"]"},"httpVersionMajor":1,"httpVersionMinor":1,"httpVersion":"1.1","complete":false,"headers":{"content-type":"text/html; charset=utf-8","cache-control":"no-cache","date":"Tue, 11 Aug 2015 19:56:33 GMT","content-length":"13","via":"1.1 staffproxy.co.multnomah.or.us:80 (Cisco-IronPort-WSA/7.5.2-304)","connection":"close"},"rawHeaders":["content-type","text/html; charset=utf-8","cache-control","no-cache","Date","Tue, 11 Aug 2015 19:56:33 GMT","Content-Length","13","Via","1.1 staffproxy.co.multnomah.or.us:80 (Cisco-IronPort-WSA/7.5.2-304)","Connection","close"],"trailers":{},"rawTrailers":[],"_pendings":[],"_pendingIndex":0,"upgrade":false,"url":"","method":null,"statusCode":200,"statusMessage":"OK","client":{"$ref":"$[\"socket\"]"},"_consuming":false,"_dumped":false,"req":{"$ref":"$[\"socket\"][\"_httpMessage\"]"},"level":"info","message":"","timestamp":"2015-08-11T19:56:33.262Z"}
{"level":"info","message":"post received","timestamp":"2015-08-11T19:56:33.270Z"}
{"level":"info","message":"bailey's bridge status changed to false at Tue Aug 11 2015 14:26:57 GMT-0700 (PDT)","timestamp":"2015-08-11T21:26:57.218Z"}
{"_readableState":{"objectMode":false,"highWaterMark":16384,"buffer":[],"length":0,"pipes":null,"pipesCount":0,"flowing":null,"ended":false,"endEmitted":false,"reading":false,"sync":true,"needReadable":false,"emittedReadable":false,"readableListening":false,"defaultEncoding":"utf8","ranOut":false,"awaitDrain":0,"readingMore":false,"decoder":null,"encoding":null},"readable":true,"domain":null,"_events":{},"socket":{"_connecting":false,"_hadError":false,"_handle":{"fd":24,"reading":true,"owner":{"$ref":"$[\"socket\"]"},"onconnection":null,"writeQueueSize":0},"_parent":null,"_host":"52.26.186.75","_readableState":{"objectMode":false,"highWaterMark":16384,"buffer":[],"length":0,"pipes":null,"pipesCount":0,"flowing":true,"ended":false,"endEmitted":false,"reading":false,"sync":false,"needReadable":true,"emittedReadable":false,"readableListening":false,"defaultEncoding":"utf8","ranOut":false,"awaitDrain":0,"readingMore":false,"decoder":null,"encoding":null,"resumeScheduled":false},"readable":true,"domain":null,"_events":{"end":[null,null],"close":[null,null]},"_writableState":{"objectMode":false,"highWaterMark":16384,"needDrain":false,"ending":false,"ended":false,"finished":false,"decodeStrings":false,"defaultEncoding":"utf8","length":0,"writing":false,"corked":0,"sync":false,"bufferProcessing":false,"writecb":null,"writelen":0,"bufferedRequest":null,"lastBufferedRequest":null,"pendingcb":0,"prefinished":false,"errorEmitted":false},"writable":true,"allowHalfOpen":false,"destroyed":false,"bytesRead":247,"_bytesDispatched":220,"_pendingData":null,"_pendingEncoding":"","parser":{"_headers":[],"_url":"","socket":{"$ref":"$[\"socket\"]"},"incoming":{"$ref":"$"},"maxHeaderPairs":2000},"_httpMessage":{"domain":null,"_events":{},"output":[],"outputEncodings":[],"outputCallbacks":[],"writable":true,"_last":true,"chunkedEncoding":false,"shouldKeepAlive":false,"useChunkedEncodingByDefault":true,"sendDate":false,"_removedHeader":{"content-length":false},"_hasBody":true,"_trailer":"","finished":true,"_hangupClose":false,"_headerSent":true,"socket":{"$ref":"$[\"socket\"]"},"connection":{"$ref":"$[\"socket\"]"},"_header":"POST /incoming-snmp HTTP/1.1\r\nContent-Type: application/json\r\nContent-Length: 97\r\nHost: 52.26.186.75\r\nConnection: close\r\n\r\n","_headers":{"content-type":"application/json","content-length":97,"host":"52.26.186.75"},"_headerNames":{"content-type":"Content-Type","content-length":"Content-Length","host":"Host"},"agent":{"domain":null,"_events":{},"defaultPort":80,"protocol":"http:","options":{"path":null},"requests":{},"sockets":{"52.26.186.75:80::":[{"$ref":"$[\"socket\"]"}]},"freeSockets":{},"keepAliveMsecs":1000,"keepAlive":false,"maxSockets":null,"maxFreeSockets":256},"method":"POST","path":"/incoming-snmp","parser":{"$ref":"$[\"socket\"][\"parser\"]"},"res":{"$ref":"$"}},"_consuming":true},"connection":{"$ref":"$[\"socket\"]"},"httpVersionMajor":1,"httpVersionMinor":1,"httpVersion":"1.1","complete":false,"headers":{"content-type":"text/html; charset=utf-8","cache-control":"no-cache","date":"Tue, 11 Aug 2015 21:26:57 GMT","content-length":"13","via":"1.1 staffproxy.co.multnomah.or.us:80 (Cisco-IronPort-WSA/7.5.2-304)","connection":"close"},"rawHeaders":["content-type","text/html; charset=utf-8","cache-control","no-cache","Date","Tue, 11 Aug 2015 21:26:57 GMT","Content-Length","13","Via","1.1 staffproxy.co.multnomah.or.us:80 (Cisco-IronPort-WSA/7.5.2-304)","Connection","close"],"trailers":{},"rawTrailers":[],"_pendings":[],"_pendingIndex":0,"upgrade":false,"url":"","method":null,"statusCode":200,"statusMessage":"OK","client":{"$ref":"$[\"socket\"]"},"_consuming":false,"_dumped":false,"req":{"$ref":"$[\"socket\"][\"_httpMessage\"]"},"level":"info","message":"","timestamp":"2015-08-11T21:26:57.282Z"}
{"level":"info","message":"bailey's bridge status changed to false at Tue Aug 11 2015 14:28:05 GMT-0700 (PDT)","timestamp":"2015-08-11T21:28:05.976Z"}
{"_readableState":{"objectMode":false,"highWaterMark":16384,"buffer":[],"length":0,"pipes":null,"pipesCount":0,"flowing":null,"ended":false,"endEmitted":false,"reading":false,"sync":true,"needReadable":false,"emittedReadable":false,"readableListening":false,"defaultEncoding":"utf8","ranOut":false,"awaitDrain":0,"readingMore":false,"decoder":null,"encoding":null},"readable":true,"domain":null,"_events":{},"socket":{"_connecting":false,"_hadError":false,"_handle":{"fd":10,"reading":true,"owner":{"$ref":"$[\"socket\"]"},"onconnection":null,"writeQueueSize":0},"_parent":null,"_host":"52.26.186.75","_readableState":{"objectMode":false,"highWaterMark":16384,"buffer":[],"length":0,"pipes":null,"pipesCount":0,"flowing":true,"ended":false,"endEmitted":false,"reading":false,"sync":false,"needReadable":true,"emittedReadable":false,"readableListening":false,"defaultEncoding":"utf8","ranOut":false,"awaitDrain":0,"readingMore":false,"decoder":null,"encoding":null,"resumeScheduled":false},"readable":true,"domain":null,"_events":{"end":[null,null],"close":[null,null]},"_writableState":{"objectMode":false,"highWaterMark":16384,"needDrain":false,"ending":false,"ended":false,"finished":false,"decodeStrings":false,"defaultEncoding":"utf8","length":0,"writing":false,"corked":0,"sync":false,"bufferProcessing":false,"writecb":null,"writelen":0,"bufferedRequest":null,"lastBufferedRequest":null,"pendingcb":0,"prefinished":false,"errorEmitted":false},"writable":true,"allowHalfOpen":false,"destroyed":false,"bytesRead":247,"_bytesDispatched":220,"_pendingData":null,"_pendingEncoding":"","parser":{"_headers":[],"_url":"","socket":{"$ref":"$[\"socket\"]"},"incoming":{"$ref":"$"},"maxHeaderPairs":2000},"_httpMessage":{"domain":null,"_events":{},"output":[],"outputEncodings":[],"outputCallbacks":[],"writable":true,"_last":true,"chunkedEncoding":false,"shouldKeepAlive":false,"useChunkedEncodingByDefault":true,"sendDate":false,"_removedHeader":{"content-length":false},"_hasBody":true,"_trailer":"","finished":true,"_hangupClose":false,"_headerSent":true,"socket":{"$ref":"$[\"socket\"]"},"connection":{"$ref":"$[\"socket\"]"},"_header":"POST /incoming-snmp HTTP/1.1\r\nContent-Type: application/json\r\nContent-Length: 97\r\nHost: 52.26.186.75\r\nConnection: close\r\n\r\n","_headers":{"content-type":"application/json","content-length":97,"host":"52.26.186.75"},"_headerNames":{"content-type":"Content-Type","content-length":"Content-Length","host":"Host"},"agent":{"domain":null,"_events":{},"defaultPort":80,"protocol":"http:","options":{"path":null},"requests":{},"sockets":{"52.26.186.75:80::":[{"$ref":"$[\"socket\"]"}]},"freeSockets":{},"keepAliveMsecs":1000,"keepAlive":false,"maxSockets":null,"maxFreeSockets":256},"method":"POST","path":"/incoming-snmp","parser":{"$ref":"$[\"socket\"][\"parser\"]"},"res":{"$ref":"$"}},"_consuming":true},"connection":{"$ref":"$[\"socket\"]"},"httpVersionMajor":1,"httpVersionMinor":1,"httpVersion":"1.1","complete":false,"headers":{"content-type":"text/html; charset=utf-8","cache-control":"no-cache","date":"Tue, 11 Aug 2015 21:28:05 GMT","content-length":"13","via":"1.1 staffproxy.co.multnomah.or.us:80 (Cisco-IronPort-WSA/7.5.2-304)","connection":"close"},"rawHeaders":["content-type","text/html; charset=utf-8","cache-control","no-cache","Date","Tue, 11 Aug 2015 21:28:05 GMT","Content-Length","13","Via","1.1 staffproxy.co.multnomah.or.us:80 (Cisco-IronPort-WSA/7.5.2-304)","Connection","close"],"trailers":{},"rawTrailers":[],"_pendings":[],"_pendingIndex":0,"upgrade":false,"url":"","method":null,"statusCode":200,"statusMessage":"OK","client":{"$ref":"$[\"socket\"]"},"_consuming":false,"_dumped":false,"req":{"$ref":"$[\"socket\"][\"_httpMessage\"]"},"level":"info","message":"","timestamp":"2015-08-11T21:28:06.033Z"}
{"level":"info","message":"bailey's bridge status changed to false at Tue Aug 11 2015 14:29:52 GMT-0700 (PDT)","timestamp":"2015-08-11T21:29:52.051Z"}
{"level":"info","message":"","timestamp":"2015-08-11T21:29:52.109Z"}
{"level":"info","message":"bailey's bridge status changed to false at Tue Aug 11 2015 14:30:09 GMT-0700 (PDT)","timestamp":"2015-08-11T21:30:09.097Z"}
{"level":"info","message":"","timestamp":"2015-08-11T21:30:09.458Z"}
{"level":"info","message":"bailey's bridge status changed to false at Tue Aug 11 2015 14:34:24 GMT-0700 (PDT)","timestamp":"2015-08-11T21:34:25.001Z"}
{"level":"info","message":"bailey's bridge status changed to false at Tue Aug 11 2015 14:35:45 GMT-0700 (PDT)","timestamp":"2015-08-11T21:35:45.060Z"}
